2024-03-12 09:02:39 -HV000001: Hibernate Validator 6.2.5.Final
2024-03-12 09:02:39 -Starting YxzhishuPlatformAppStartApplication using Java 1.8.0_311 on LAPTOP-ERQNR93S with PID 15080 (E:\MySourceCode\yxzhishu-platform\yxzhishu-platform-app\yxzhishu-platform-app-start\target\classes started by lmj in E:\MySourceCode\yxzhishu-platform\yxzhishu-platform-app)
2024-03-12 09:02:39 -No active profile set, falling back to 1 default profile: "default"
2024-03-12 09:02:40 -No MyBatis mapper was found in '[com.yxzhishu.platform.app.start]' package. Please check your configuration.
2024-03-12 09:02:41 -Tomcat initialized with port(s): 8092 (http)
2024-03-12 09:02:41 -Initializing ProtocolHandler ["http-nio-8092"]
2024-03-12 09:02:41 -Starting service [Tomcat]
2024-03-12 09:02:41 -Starting Servlet engine: [Apache Tomcat/9.0.75]
2024-03-12 09:02:41 -Initializing Spring embedded WebApplicationContext
2024-03-12 09:02:41 -Root WebApplicationContext: initialization completed in 1230 ms
2024-03-12 09:02:41 -Can not find table primary key in Class: "com.yxzhishu.platform.app.system.entity.po.SysAccountVsRole".
2024-03-12 09:02:41 -class com.yxzhishu.platform.app.system.entity.po.SysAccountVsRole ,Not found @TableId annotation, Cannot use Mybatis-Plus 'xxById' Method.
2024-03-12 09:02:42 -Can not find table primary key in Class: "com.yxzhishu.platform.app.system.entity.po.SysRoleVsMenu".
2024-03-12 09:02:42 -class com.yxzhishu.platform.app.system.entity.po.SysRoleVsMenu ,Not found @TableId annotation, Cannot use Mybatis-Plus 'xxById' Method.
2024-03-12 09:02:42 -api模块自动加载成功...
2024-03-12 09:02:42 -base模块自动加载成功...
2024-03-12 09:02:42 -dictionary模块自动加载成功...
2024-03-12 09:02:42 -system模块自动加载成功...
2024-03-12 09:02:42 -temporary模块自动加载成功...
2024-03-12 09:02:42 -Starting ProtocolHandler ["http-nio-8092"]
2024-03-12 09:02:42 -Tomcat started on port(s): 8092 (http) with context path '/api'
2024-03-12 09:02:42 -Started YxzhishuPlatformAppStartApplication in 3.272 seconds (JVM running for 4.161)
2024-03-12 09:02:42 -项目启动成功！
2024-03-12 09:03:04 -Initializing Spring DispatcherServlet 'dispatcherServlet'
2024-03-12 09:03:04 -Initializing Servlet 'dispatcherServlet'
2024-03-12 09:03:04 -Completed initialization in 0 ms
2024-03-12 09:03:04 -{dataSource-1} inited
2024-03-12 09:03:05 -密码错误：输入密码为：ROOT123 
2024-03-12 09:03:11 -全局异常：org.springframework.jdbc.BadSqlGrammarException: 
### Error querying database.  Cause: org.postgresql.util.PSQLException: 错误: 语法错误 在 "order" 或附近的
  位置：348
### The error may exist in file [E:\MySourceCode\yxzhishu-platform\yxzhishu-platform-app\yxzhishu-platform-app-system\target\classes\mybatis\SysMenuMapper.xml]
### The error may involve com.yxzhishu.platform.app.system.mapper.SysMenuMapper.findByAccurate-Inline
### The error occurred while setting parameters
### SQL: select                   a.menu_id         ,a.menu_name,a.menu_type,a.menu_path,a.component,         a.parent_id,a.system_flag,a.title,a.icon,a.hidden,         a.keep_alive,a.sort_order,a.status,a.description      ,b.role_id         from sys.menu a         left join sys.role_vs_menu b on a.menu_id = b.menu_id          WHERE  role_id in          order by sort_order
### Cause: org.postgresql.util.PSQLException: 错误: 语法错误 在 "order" 或附近的
  位置：348
; bad SQL grammar []; nested exception is org.postgresql.util.PSQLException: 错误: 语法错误 在 "order" 或附近的
  位置：348
org.springframework.jdbc.BadSqlGrammarException: 
### Error querying database.  Cause: org.postgresql.util.PSQLException: 错误: 语法错误 在 "order" 或附近的
  位置：348
### The error may exist in file [E:\MySourceCode\yxzhishu-platform\yxzhishu-platform-app\yxzhishu-platform-app-system\target\classes\mybatis\SysMenuMapper.xml]
### The error may involve com.yxzhishu.platform.app.system.mapper.SysMenuMapper.findByAccurate-Inline
### The error occurred while setting parameters
### SQL: select                   a.menu_id         ,a.menu_name,a.menu_type,a.menu_path,a.component,         a.parent_id,a.system_flag,a.title,a.icon,a.hidden,         a.keep_alive,a.sort_order,a.status,a.description      ,b.role_id         from sys.menu a         left join sys.role_vs_menu b on a.menu_id = b.menu_id          WHERE  role_id in          order by sort_order
### Cause: org.postgresql.util.PSQLException: 错误: 语法错误 在 "order" 或附近的
  位置：348
; bad SQL grammar []; nested exception is org.postgresql.util.PSQLException: 错误: 语法错误 在 "order" 或附近的
  位置：348
	at org.springframework.jdbc.support.SQLErrorCodeSQLExceptionTranslator.doTranslate(SQLErrorCodeSQLExceptionTranslator.java:239)
	at org.springframework.jdbc.support.AbstractFallbackSQLExceptionTranslator.translate(AbstractFallbackSQLExceptionTranslator.java:70)
	at org.mybatis.spring.MyBatisExceptionTranslator.translateExceptionIfPossible(MyBatisExceptionTranslator.java:91)
	at org.mybatis.spring.SqlSessionTemplate$SqlSessionInterceptor.invoke(SqlSessionTemplate.java:441)
	at com.sun.proxy.$Proxy74.selectList(Unknown Source)
	at org.mybatis.spring.SqlSessionTemplate.selectList(SqlSessionTemplate.java:224)
	at com.baomidou.mybatisplus.core.override.MybatisMapperMethod.executeForMany(MybatisMapperMethod.java:166)
	at com.baomidou.mybatisplus.core.override.MybatisMapperMethod.execute(MybatisMapperMethod.java:77)
	at com.baomidou.mybatisplus.core.override.MybatisMapperProxy$PlainMethodInvoker.invoke(MybatisMapperProxy.java:148)
	at com.baomidou.mybatisplus.core.override.MybatisMapperProxy.invoke(MybatisMapperProxy.java:89)
	at com.sun.proxy.$Proxy75.findByAccurate(Unknown Source)
	at com.yxzhishu.platform.app.system.service.impl.SysMenuServiceImpl.findByAccurate(SysMenuServiceImpl.java:38)
	at com.yxzhishu.platform.app.system.business.impl.SysMenuBusinessImpl.findRoute(SysMenuBusinessImpl.java:50)
	at com.yxzhishu.platform.app.system.controller.SysMenuController.findRoute(SysMenuController.java:42)
	at sun.reflect.NativeMethodAccessorImpl.invoke0(Native Method)
	at sun.reflect.NativeMethodAccessorImpl.invoke(NativeMethodAccessorImpl.java:62)
	at sun.reflect.DelegatingMethodAccessorImpl.invoke(DelegatingMethodAccessorImpl.java:43)
	at java.lang.reflect.Method.invoke(Method.java:498)
	at org.springframework.web.method.support.InvocableHandlerMethod.doInvoke(InvocableHandlerMethod.java:205)
	at org.springframework.web.method.support.InvocableHandlerMethod.invokeForRequest(InvocableHandlerMethod.java:150)
	at org.springframework.web.servlet.mvc.method.annotation.ServletInvocableHandlerMethod.invokeAndHandle(ServletInvocableHandlerMethod.java:117)
	at org.springframework.web.servlet.mvc.method.annotation.RequestMappingHandlerAdapter.invokeHandlerMethod(RequestMappingHandlerAdapter.java:895)
	at org.springframework.web.servlet.mvc.method.annotation.RequestMappingHandlerAdapter.handleInternal(RequestMappingHandlerAdapter.java:808)
	at org.springframework.web.servlet.mvc.method.AbstractHandlerMethodAdapter.handle(AbstractHandlerMethodAdapter.java:87)
	at org.springframework.web.servlet.DispatcherServlet.doDispatch(DispatcherServlet.java:1072)
	at org.springframework.web.servlet.DispatcherServlet.doService(DispatcherServlet.java:965)
	at org.springframework.web.servlet.FrameworkServlet.processRequest(FrameworkServlet.java:1006)
	at org.springframework.web.servlet.FrameworkServlet.doGet(FrameworkServlet.java:898)
	at javax.servlet.http.HttpServlet.service(HttpServlet.java:529)
	at org.springframework.web.servlet.FrameworkServlet.service(FrameworkServlet.java:883)
	at javax.servlet.http.HttpServlet.service(HttpServlet.java:623)
	at org.apache.catalina.core.ApplicationFilterChain.internalDoFilter(ApplicationFilterChain.java:209)
	at org.apache.catalina.core.ApplicationFilterChain.doFilter(ApplicationFilterChain.java:153)
	at org.apache.tomcat.websocket.server.WsFilter.doFilter(WsFilter.java:51)
	at org.apache.catalina.core.ApplicationFilterChain.internalDoFilter(ApplicationFilterChain.java:178)
	at org.apache.catalina.core.ApplicationFilterChain.doFilter(ApplicationFilterChain.java:153)
	at org.springframework.web.filter.RequestContextFilter.doFilterInternal(RequestContextFilter.java:100)
	at org.springframework.web.filter.OncePerRequestFilter.doFilter(OncePerRequestFilter.java:117)
	at org.apache.catalina.core.ApplicationFilterChain.internalDoFilter(ApplicationFilterChain.java:178)
	at org.apache.catalina.core.ApplicationFilterChain.doFilter(ApplicationFilterChain.java:153)
	at cn.dev33.satoken.filter.SaPathCheckFilterForServlet.doFilter(SaPathCheckFilterForServlet.java:55)
	at org.apache.catalina.core.ApplicationFilterChain.internalDoFilter(ApplicationFilterChain.java:178)
	at org.apache.catalina.core.ApplicationFilterChain.doFilter(ApplicationFilterChain.java:153)
	at org.springframework.web.filter.FormContentFilter.doFilterInternal(FormContentFilter.java:93)
	at org.springframework.web.filter.OncePerRequestFilter.doFilter(OncePerRequestFilter.java:117)
	at org.apache.catalina.core.ApplicationFilterChain.internalDoFilter(ApplicationFilterChain.java:178)
	at org.apache.catalina.core.ApplicationFilterChain.doFilter(ApplicationFilterChain.java:153)
	at org.springframework.web.filter.CharacterEncodingFilter.doFilterInternal(CharacterEncodingFilter.java:201)
	at org.springframework.web.filter.OncePerRequestFilter.doFilter(OncePerRequestFilter.java:117)
	at org.apache.catalina.core.ApplicationFilterChain.internalDoFilter(ApplicationFilterChain.java:178)
	at org.apache.catalina.core.ApplicationFilterChain.doFilter(ApplicationFilterChain.java:153)
	at org.apache.catalina.core.StandardWrapperValve.invoke(StandardWrapperValve.java:167)
	at org.apache.catalina.core.StandardContextValve.invoke(StandardContextValve.java:90)
	at org.apache.catalina.authenticator.AuthenticatorBase.invoke(AuthenticatorBase.java:481)
	at org.apache.catalina.core.StandardHostValve.invoke(StandardHostValve.java:130)
	at org.apache.catalina.valves.ErrorReportValve.invoke(ErrorReportValve.java:93)
	at org.apache.catalina.core.StandardEngineValve.invoke(StandardEngineValve.java:74)
	at org.apache.catalina.connector.CoyoteAdapter.service(CoyoteAdapter.java:343)
	at org.apache.coyote.http11.Http11Processor.service(Http11Processor.java:390)
	at org.apache.coyote.AbstractProcessorLight.process(AbstractProcessorLight.java:63)
	at org.apache.coyote.AbstractProtocol$ConnectionHandler.process(AbstractProtocol.java:926)
	at org.apache.tomcat.util.net.NioEndpoint$SocketProcessor.doRun(NioEndpoint.java:1791)
	at org.apache.tomcat.util.net.SocketProcessorBase.run(SocketProcessorBase.java:52)
	at org.apache.tomcat.util.threads.ThreadPoolExecutor.runWorker(ThreadPoolExecutor.java:1191)
	at org.apache.tomcat.util.threads.ThreadPoolExecutor$Worker.run(ThreadPoolExecutor.java:659)
	at org.apache.tomcat.util.threads.TaskThread$WrappingRunnable.run(TaskThread.java:61)
	at java.lang.Thread.run(Thread.java:748)
Caused by: org.postgresql.util.PSQLException: 错误: 语法错误 在 "order" 或附近的
  位置：348
	at org.postgresql.core.v3.QueryExecutorImpl.receiveErrorResponse(QueryExecutorImpl.java:2675)
	at org.postgresql.core.v3.QueryExecutorImpl.processResults(QueryExecutorImpl.java:2365)
	at org.postgresql.core.v3.QueryExecutorImpl.execute(QueryExecutorImpl.java:355)
	at org.postgresql.jdbc.PgStatement.executeInternal(PgStatement.java:490)
	at org.postgresql.jdbc.PgStatement.execute(PgStatement.java:408)
	at org.postgresql.jdbc.PgPreparedStatement.executeWithFlags(PgPreparedStatement.java:167)
	at org.postgresql.jdbc.PgPreparedStatement.execute(PgPreparedStatement.java:156)
	at com.alibaba.druid.pool.DruidPooledPreparedStatement.execute(DruidPooledPreparedStatement.java:497)
	at org.apache.ibatis.executor.statement.PreparedStatementHandler.query(PreparedStatementHandler.java:64)
	at org.apache.ibatis.executor.statement.RoutingStatementHandler.query(RoutingStatementHandler.java:79)
	at org.apache.ibatis.executor.SimpleExecutor.doQuery(SimpleExecutor.java:63)
	at org.apache.ibatis.executor.BaseExecutor.queryFromDatabase(BaseExecutor.java:325)
	at org.apache.ibatis.executor.BaseExecutor.query(BaseExecutor.java:156)
	at org.apache.ibatis.executor.CachingExecutor.query(CachingExecutor.java:109)
	at com.github.pagehelper.PageInterceptor.intercept(PageInterceptor.java:151)
	at org.apache.ibatis.plugin.Plugin.invoke(Plugin.java:62)
	at com.sun.proxy.$Proxy96.query(Unknown Source)
	at org.apache.ibatis.session.defaults.DefaultSqlSession.selectList(DefaultSqlSession.java:151)
	at org.apache.ibatis.session.defaults.DefaultSqlSession.selectList(DefaultSqlSession.java:145)
	at org.apache.ibatis.session.defaults.DefaultSqlSession.selectList(DefaultSqlSession.java:140)
	at sun.reflect.NativeMethodAccessorImpl.invoke0(Native Method)
	at sun.reflect.NativeMethodAccessorImpl.invoke(NativeMethodAccessorImpl.java:62)
	at sun.reflect.DelegatingMethodAccessorImpl.invoke(DelegatingMethodAccessorImpl.java:43)
	at java.lang.reflect.Method.invoke(Method.java:498)
	at org.mybatis.spring.SqlSessionTemplate$SqlSessionInterceptor.invoke(SqlSessionTemplate.java:427)
	... 63 common frames omitted
2024-03-12 09:04:44 -全局异常：org.springframework.jdbc.BadSqlGrammarException: 
### Error querying database.  Cause: org.postgresql.util.PSQLException: 错误: 语法错误 在 "order" 或附近的
  位置：348
### The error may exist in file [E:\MySourceCode\yxzhishu-platform\yxzhishu-platform-app\yxzhishu-platform-app-system\target\classes\mybatis\SysMenuMapper.xml]
### The error may involve com.yxzhishu.platform.app.system.mapper.SysMenuMapper.findByAccurate-Inline
### The error occurred while setting parameters
### SQL: select                   a.menu_id         ,a.menu_name,a.menu_type,a.menu_path,a.component,         a.parent_id,a.system_flag,a.title,a.icon,a.hidden,         a.keep_alive,a.sort_order,a.status,a.description      ,b.role_id         from sys.menu a         left join sys.role_vs_menu b on a.menu_id = b.menu_id          WHERE  role_id in          order by sort_order
### Cause: org.postgresql.util.PSQLException: 错误: 语法错误 在 "order" 或附近的
  位置：348
; bad SQL grammar []; nested exception is org.postgresql.util.PSQLException: 错误: 语法错误 在 "order" 或附近的
  位置：348
org.springframework.jdbc.BadSqlGrammarException: 
### Error querying database.  Cause: org.postgresql.util.PSQLException: 错误: 语法错误 在 "order" 或附近的
  位置：348
### The error may exist in file [E:\MySourceCode\yxzhishu-platform\yxzhishu-platform-app\yxzhishu-platform-app-system\target\classes\mybatis\SysMenuMapper.xml]
### The error may involve com.yxzhishu.platform.app.system.mapper.SysMenuMapper.findByAccurate-Inline
### The error occurred while setting parameters
### SQL: select                   a.menu_id         ,a.menu_name,a.menu_type,a.menu_path,a.component,         a.parent_id,a.system_flag,a.title,a.icon,a.hidden,         a.keep_alive,a.sort_order,a.status,a.description      ,b.role_id         from sys.menu a         left join sys.role_vs_menu b on a.menu_id = b.menu_id          WHERE  role_id in          order by sort_order
### Cause: org.postgresql.util.PSQLException: 错误: 语法错误 在 "order" 或附近的
  位置：348
; bad SQL grammar []; nested exception is org.postgresql.util.PSQLException: 错误: 语法错误 在 "order" 或附近的
  位置：348
	at org.springframework.jdbc.support.SQLErrorCodeSQLExceptionTranslator.doTranslate(SQLErrorCodeSQLExceptionTranslator.java:239)
	at org.springframework.jdbc.support.AbstractFallbackSQLExceptionTranslator.translate(AbstractFallbackSQLExceptionTranslator.java:70)
	at org.mybatis.spring.MyBatisExceptionTranslator.translateExceptionIfPossible(MyBatisExceptionTranslator.java:91)
	at org.mybatis.spring.SqlSessionTemplate$SqlSessionInterceptor.invoke(SqlSessionTemplate.java:441)
	at com.sun.proxy.$Proxy74.selectList(Unknown Source)
	at org.mybatis.spring.SqlSessionTemplate.selectList(SqlSessionTemplate.java:224)
	at com.baomidou.mybatisplus.core.override.MybatisMapperMethod.executeForMany(MybatisMapperMethod.java:166)
	at com.baomidou.mybatisplus.core.override.MybatisMapperMethod.execute(MybatisMapperMethod.java:77)
	at com.baomidou.mybatisplus.core.override.MybatisMapperProxy$PlainMethodInvoker.invoke(MybatisMapperProxy.java:148)
	at com.baomidou.mybatisplus.core.override.MybatisMapperProxy.invoke(MybatisMapperProxy.java:89)
	at com.sun.proxy.$Proxy75.findByAccurate(Unknown Source)
	at com.yxzhishu.platform.app.system.service.impl.SysMenuServiceImpl.findByAccurate(SysMenuServiceImpl.java:38)
	at com.yxzhishu.platform.app.system.business.impl.SysMenuBusinessImpl.findRoute(SysMenuBusinessImpl.java:50)
	at com.yxzhishu.platform.app.system.controller.SysMenuController.findRoute(SysMenuController.java:42)
	at sun.reflect.NativeMethodAccessorImpl.invoke0(Native Method)
	at sun.reflect.NativeMethodAccessorImpl.invoke(NativeMethodAccessorImpl.java:62)
	at sun.reflect.DelegatingMethodAccessorImpl.invoke(DelegatingMethodAccessorImpl.java:43)
	at java.lang.reflect.Method.invoke(Method.java:498)
	at org.springframework.web.method.support.InvocableHandlerMethod.doInvoke(InvocableHandlerMethod.java:205)
	at org.springframework.web.method.support.InvocableHandlerMethod.invokeForRequest(InvocableHandlerMethod.java:150)
	at org.springframework.web.servlet.mvc.method.annotation.ServletInvocableHandlerMethod.invokeAndHandle(ServletInvocableHandlerMethod.java:117)
	at org.springframework.web.servlet.mvc.method.annotation.RequestMappingHandlerAdapter.invokeHandlerMethod(RequestMappingHandlerAdapter.java:895)
	at org.springframework.web.servlet.mvc.method.annotation.RequestMappingHandlerAdapter.handleInternal(RequestMappingHandlerAdapter.java:808)
	at org.springframework.web.servlet.mvc.method.AbstractHandlerMethodAdapter.handle(AbstractHandlerMethodAdapter.java:87)
	at org.springframework.web.servlet.DispatcherServlet.doDispatch(DispatcherServlet.java:1072)
	at org.springframework.web.servlet.DispatcherServlet.doService(DispatcherServlet.java:965)
	at org.springframework.web.servlet.FrameworkServlet.processRequest(FrameworkServlet.java:1006)
	at org.springframework.web.servlet.FrameworkServlet.doGet(FrameworkServlet.java:898)
	at javax.servlet.http.HttpServlet.service(HttpServlet.java:529)
	at org.springframework.web.servlet.FrameworkServlet.service(FrameworkServlet.java:883)
	at javax.servlet.http.HttpServlet.service(HttpServlet.java:623)
	at org.apache.catalina.core.ApplicationFilterChain.internalDoFilter(ApplicationFilterChain.java:209)
	at org.apache.catalina.core.ApplicationFilterChain.doFilter(ApplicationFilterChain.java:153)
	at org.apache.tomcat.websocket.server.WsFilter.doFilter(WsFilter.java:51)
	at org.apache.catalina.core.ApplicationFilterChain.internalDoFilter(ApplicationFilterChain.java:178)
	at org.apache.catalina.core.ApplicationFilterChain.doFilter(ApplicationFilterChain.java:153)
	at org.springframework.web.filter.RequestContextFilter.doFilterInternal(RequestContextFilter.java:100)
	at org.springframework.web.filter.OncePerRequestFilter.doFilter(OncePerRequestFilter.java:117)
	at org.apache.catalina.core.ApplicationFilterChain.internalDoFilter(ApplicationFilterChain.java:178)
	at org.apache.catalina.core.ApplicationFilterChain.doFilter(ApplicationFilterChain.java:153)
	at cn.dev33.satoken.filter.SaPathCheckFilterForServlet.doFilter(SaPathCheckFilterForServlet.java:55)
	at org.apache.catalina.core.ApplicationFilterChain.internalDoFilter(ApplicationFilterChain.java:178)
	at org.apache.catalina.core.ApplicationFilterChain.doFilter(ApplicationFilterChain.java:153)
	at org.springframework.web.filter.FormContentFilter.doFilterInternal(FormContentFilter.java:93)
	at org.springframework.web.filter.OncePerRequestFilter.doFilter(OncePerRequestFilter.java:117)
	at org.apache.catalina.core.ApplicationFilterChain.internalDoFilter(ApplicationFilterChain.java:178)
	at org.apache.catalina.core.ApplicationFilterChain.doFilter(ApplicationFilterChain.java:153)
	at org.springframework.web.filter.CharacterEncodingFilter.doFilterInternal(CharacterEncodingFilter.java:201)
	at org.springframework.web.filter.OncePerRequestFilter.doFilter(OncePerRequestFilter.java:117)
	at org.apache.catalina.core.ApplicationFilterChain.internalDoFilter(ApplicationFilterChain.java:178)
	at org.apache.catalina.core.ApplicationFilterChain.doFilter(ApplicationFilterChain.java:153)
	at org.apache.catalina.core.StandardWrapperValve.invoke(StandardWrapperValve.java:167)
	at org.apache.catalina.core.StandardContextValve.invoke(StandardContextValve.java:90)
	at org.apache.catalina.authenticator.AuthenticatorBase.invoke(AuthenticatorBase.java:481)
	at org.apache.catalina.core.StandardHostValve.invoke(StandardHostValve.java:130)
	at org.apache.catalina.valves.ErrorReportValve.invoke(ErrorReportValve.java:93)
	at org.apache.catalina.core.StandardEngineValve.invoke(StandardEngineValve.java:74)
	at org.apache.catalina.connector.CoyoteAdapter.service(CoyoteAdapter.java:343)
	at org.apache.coyote.http11.Http11Processor.service(Http11Processor.java:390)
	at org.apache.coyote.AbstractProcessorLight.process(AbstractProcessorLight.java:63)
	at org.apache.coyote.AbstractProtocol$ConnectionHandler.process(AbstractProtocol.java:926)
	at org.apache.tomcat.util.net.NioEndpoint$SocketProcessor.doRun(NioEndpoint.java:1791)
	at org.apache.tomcat.util.net.SocketProcessorBase.run(SocketProcessorBase.java:52)
	at org.apache.tomcat.util.threads.ThreadPoolExecutor.runWorker(ThreadPoolExecutor.java:1191)
	at org.apache.tomcat.util.threads.ThreadPoolExecutor$Worker.run(ThreadPoolExecutor.java:659)
	at org.apache.tomcat.util.threads.TaskThread$WrappingRunnable.run(TaskThread.java:61)
	at java.lang.Thread.run(Thread.java:748)
Caused by: org.postgresql.util.PSQLException: 错误: 语法错误 在 "order" 或附近的
  位置：348
	at org.postgresql.core.v3.QueryExecutorImpl.receiveErrorResponse(QueryExecutorImpl.java:2675)
	at org.postgresql.core.v3.QueryExecutorImpl.processResults(QueryExecutorImpl.java:2365)
	at org.postgresql.core.v3.QueryExecutorImpl.execute(QueryExecutorImpl.java:355)
	at org.postgresql.jdbc.PgStatement.executeInternal(PgStatement.java:490)
	at org.postgresql.jdbc.PgStatement.execute(PgStatement.java:408)
	at org.postgresql.jdbc.PgPreparedStatement.executeWithFlags(PgPreparedStatement.java:167)
	at org.postgresql.jdbc.PgPreparedStatement.execute(PgPreparedStatement.java:156)
	at com.alibaba.druid.pool.DruidPooledPreparedStatement.execute(DruidPooledPreparedStatement.java:497)
	at org.apache.ibatis.executor.statement.PreparedStatementHandler.query(PreparedStatementHandler.java:64)
	at org.apache.ibatis.executor.statement.RoutingStatementHandler.query(RoutingStatementHandler.java:79)
	at org.apache.ibatis.executor.SimpleExecutor.doQuery(SimpleExecutor.java:63)
	at org.apache.ibatis.executor.BaseExecutor.queryFromDatabase(BaseExecutor.java:325)
	at org.apache.ibatis.executor.BaseExecutor.query(BaseExecutor.java:156)
	at org.apache.ibatis.executor.CachingExecutor.query(CachingExecutor.java:109)
	at com.github.pagehelper.PageInterceptor.intercept(PageInterceptor.java:151)
	at org.apache.ibatis.plugin.Plugin.invoke(Plugin.java:62)
	at com.sun.proxy.$Proxy96.query(Unknown Source)
	at org.apache.ibatis.session.defaults.DefaultSqlSession.selectList(DefaultSqlSession.java:151)
	at org.apache.ibatis.session.defaults.DefaultSqlSession.selectList(DefaultSqlSession.java:145)
	at org.apache.ibatis.session.defaults.DefaultSqlSession.selectList(DefaultSqlSession.java:140)
	at sun.reflect.NativeMethodAccessorImpl.invoke0(Native Method)
	at sun.reflect.NativeMethodAccessorImpl.invoke(NativeMethodAccessorImpl.java:62)
	at sun.reflect.DelegatingMethodAccessorImpl.invoke(DelegatingMethodAccessorImpl.java:43)
	at java.lang.reflect.Method.invoke(Method.java:498)
	at org.mybatis.spring.SqlSessionTemplate$SqlSessionInterceptor.invoke(SqlSessionTemplate.java:427)
	... 63 common frames omitted
2024-03-12 09:05:22 -{dataSource-1} closing ...
2024-03-12 09:05:22 -{dataSource-1} closed
2024-03-12 09:05:26 -HV000001: Hibernate Validator 6.2.5.Final
2024-03-12 09:05:26 -Starting YxzhishuPlatformAppStartApplication using Java 1.8.0_311 on LAPTOP-ERQNR93S with PID 15628 (E:\MySourceCode\yxzhishu-platform\yxzhishu-platform-app\yxzhishu-platform-app-start\target\classes started by lmj in E:\MySourceCode\yxzhishu-platform\yxzhishu-platform-app)
2024-03-12 09:05:26 -No active profile set, falling back to 1 default profile: "default"
2024-03-12 09:05:27 -No MyBatis mapper was found in '[com.yxzhishu.platform.app.start]' package. Please check your configuration.
2024-03-12 09:05:27 -Tomcat initialized with port(s): 8092 (http)
2024-03-12 09:05:27 -Initializing ProtocolHandler ["http-nio-8092"]
2024-03-12 09:05:27 -Starting service [Tomcat]
2024-03-12 09:05:27 -Starting Servlet engine: [Apache Tomcat/9.0.75]
2024-03-12 09:05:27 -Initializing Spring embedded WebApplicationContext
2024-03-12 09:05:27 -Root WebApplicationContext: initialization completed in 1169 ms
2024-03-12 09:05:27 -Can not find table primary key in Class: "com.yxzhishu.platform.app.system.entity.po.SysAccountVsRole".
2024-03-12 09:05:27 -class com.yxzhishu.platform.app.system.entity.po.SysAccountVsRole ,Not found @TableId annotation, Cannot use Mybatis-Plus 'xxById' Method.
2024-03-12 09:05:28 -Can not find table primary key in Class: "com.yxzhishu.platform.app.system.entity.po.SysRoleVsMenu".
2024-03-12 09:05:28 -class com.yxzhishu.platform.app.system.entity.po.SysRoleVsMenu ,Not found @TableId annotation, Cannot use Mybatis-Plus 'xxById' Method.
2024-03-12 09:05:28 -api模块自动加载成功...
2024-03-12 09:05:28 -base模块自动加载成功...
2024-03-12 09:05:28 -dictionary模块自动加载成功...
2024-03-12 09:05:28 -system模块自动加载成功...
2024-03-12 09:05:28 -temporary模块自动加载成功...
2024-03-12 09:05:28 -Starting ProtocolHandler ["http-nio-8092"]
2024-03-12 09:05:28 -Tomcat started on port(s): 8092 (http) with context path '/api'
2024-03-12 09:05:28 -Started YxzhishuPlatformAppStartApplication in 3.034 seconds (JVM running for 4.449)
2024-03-12 09:05:28 -项目启动成功！
2024-03-12 09:05:44 -Initializing Spring DispatcherServlet 'dispatcherServlet'
2024-03-12 09:05:44 -Initializing Servlet 'dispatcherServlet'
2024-03-12 09:05:44 -Completed initialization in 0 ms
2024-03-12 09:05:44 -{dataSource-1} inited
2024-03-12 09:07:05 -全局异常：org.springframework.jdbc.BadSqlGrammarException: 
### Error querying database.  Cause: org.postgresql.util.PSQLException: 错误: 语法错误 在 "order" 或附近的
  位置：348
### The error may exist in file [E:\MySourceCode\yxzhishu-platform\yxzhishu-platform-app\yxzhishu-platform-app-system\target\classes\mybatis\SysMenuMapper.xml]
### The error may involve com.yxzhishu.platform.app.system.mapper.SysMenuMapper.findByAccurate-Inline
### The error occurred while setting parameters
### SQL: select                   a.menu_id         ,a.menu_name,a.menu_type,a.menu_path,a.component,         a.parent_id,a.system_flag,a.title,a.icon,a.hidden,         a.keep_alive,a.sort_order,a.status,a.description      ,b.role_id         from sys.menu a         left join sys.role_vs_menu b on a.menu_id = b.menu_id          WHERE  role_id in          order by sort_order
### Cause: org.postgresql.util.PSQLException: 错误: 语法错误 在 "order" 或附近的
  位置：348
; bad SQL grammar []; nested exception is org.postgresql.util.PSQLException: 错误: 语法错误 在 "order" 或附近的
  位置：348
org.springframework.jdbc.BadSqlGrammarException: 
### Error querying database.  Cause: org.postgresql.util.PSQLException: 错误: 语法错误 在 "order" 或附近的
  位置：348
### The error may exist in file [E:\MySourceCode\yxzhishu-platform\yxzhishu-platform-app\yxzhishu-platform-app-system\target\classes\mybatis\SysMenuMapper.xml]
### The error may involve com.yxzhishu.platform.app.system.mapper.SysMenuMapper.findByAccurate-Inline
### The error occurred while setting parameters
### SQL: select                   a.menu_id         ,a.menu_name,a.menu_type,a.menu_path,a.component,         a.parent_id,a.system_flag,a.title,a.icon,a.hidden,         a.keep_alive,a.sort_order,a.status,a.description      ,b.role_id         from sys.menu a         left join sys.role_vs_menu b on a.menu_id = b.menu_id          WHERE  role_id in          order by sort_order
### Cause: org.postgresql.util.PSQLException: 错误: 语法错误 在 "order" 或附近的
  位置：348
; bad SQL grammar []; nested exception is org.postgresql.util.PSQLException: 错误: 语法错误 在 "order" 或附近的
  位置：348
	at org.springframework.jdbc.support.SQLErrorCodeSQLExceptionTranslator.doTranslate(SQLErrorCodeSQLExceptionTranslator.java:239)
	at org.springframework.jdbc.support.AbstractFallbackSQLExceptionTranslator.translate(AbstractFallbackSQLExceptionTranslator.java:70)
	at org.mybatis.spring.MyBatisExceptionTranslator.translateExceptionIfPossible(MyBatisExceptionTranslator.java:91)
	at org.mybatis.spring.SqlSessionTemplate$SqlSessionInterceptor.invoke(SqlSessionTemplate.java:441)
	at com.sun.proxy.$Proxy74.selectList(Unknown Source)
	at org.mybatis.spring.SqlSessionTemplate.selectList(SqlSessionTemplate.java:224)
	at com.baomidou.mybatisplus.core.override.MybatisMapperMethod.executeForMany(MybatisMapperMethod.java:166)
	at com.baomidou.mybatisplus.core.override.MybatisMapperMethod.execute(MybatisMapperMethod.java:77)
	at com.baomidou.mybatisplus.core.override.MybatisMapperProxy$PlainMethodInvoker.invoke(MybatisMapperProxy.java:148)
	at com.baomidou.mybatisplus.core.override.MybatisMapperProxy.invoke(MybatisMapperProxy.java:89)
	at com.sun.proxy.$Proxy75.findByAccurate(Unknown Source)
	at com.yxzhishu.platform.app.system.service.impl.SysMenuServiceImpl.findByAccurate(SysMenuServiceImpl.java:38)
	at com.yxzhishu.platform.app.system.business.impl.SysMenuBusinessImpl.findRoute(SysMenuBusinessImpl.java:50)
	at com.yxzhishu.platform.app.system.controller.SysMenuController.findRoute(SysMenuController.java:42)
	at sun.reflect.NativeMethodAccessorImpl.invoke0(Native Method)
	at sun.reflect.NativeMethodAccessorImpl.invoke(NativeMethodAccessorImpl.java:62)
	at sun.reflect.DelegatingMethodAccessorImpl.invoke(DelegatingMethodAccessorImpl.java:43)
	at java.lang.reflect.Method.invoke(Method.java:498)
	at org.springframework.web.method.support.InvocableHandlerMethod.doInvoke(InvocableHandlerMethod.java:205)
	at org.springframework.web.method.support.InvocableHandlerMethod.invokeForRequest(InvocableHandlerMethod.java:150)
	at org.springframework.web.servlet.mvc.method.annotation.ServletInvocableHandlerMethod.invokeAndHandle(ServletInvocableHandlerMethod.java:117)
	at org.springframework.web.servlet.mvc.method.annotation.RequestMappingHandlerAdapter.invokeHandlerMethod(RequestMappingHandlerAdapter.java:895)
	at org.springframework.web.servlet.mvc.method.annotation.RequestMappingHandlerAdapter.handleInternal(RequestMappingHandlerAdapter.java:808)
	at org.springframework.web.servlet.mvc.method.AbstractHandlerMethodAdapter.handle(AbstractHandlerMethodAdapter.java:87)
	at org.springframework.web.servlet.DispatcherServlet.doDispatch(DispatcherServlet.java:1072)
	at org.springframework.web.servlet.DispatcherServlet.doService(DispatcherServlet.java:965)
	at org.springframework.web.servlet.FrameworkServlet.processRequest(FrameworkServlet.java:1006)
	at org.springframework.web.servlet.FrameworkServlet.doGet(FrameworkServlet.java:898)
	at javax.servlet.http.HttpServlet.service(HttpServlet.java:529)
	at org.springframework.web.servlet.FrameworkServlet.service(FrameworkServlet.java:883)
	at javax.servlet.http.HttpServlet.service(HttpServlet.java:623)
	at org.apache.catalina.core.ApplicationFilterChain.internalDoFilter(ApplicationFilterChain.java:209)
	at org.apache.catalina.core.ApplicationFilterChain.doFilter(ApplicationFilterChain.java:153)
	at org.apache.tomcat.websocket.server.WsFilter.doFilter(WsFilter.java:51)
	at org.apache.catalina.core.ApplicationFilterChain.internalDoFilter(ApplicationFilterChain.java:178)
	at org.apache.catalina.core.ApplicationFilterChain.doFilter(ApplicationFilterChain.java:153)
	at org.springframework.web.filter.RequestContextFilter.doFilterInternal(RequestContextFilter.java:100)
	at org.springframework.web.filter.OncePerRequestFilter.doFilter(OncePerRequestFilter.java:117)
	at org.apache.catalina.core.ApplicationFilterChain.internalDoFilter(ApplicationFilterChain.java:178)
	at org.apache.catalina.core.ApplicationFilterChain.doFilter(ApplicationFilterChain.java:153)
	at cn.dev33.satoken.filter.SaPathCheckFilterForServlet.doFilter(SaPathCheckFilterForServlet.java:55)
	at org.apache.catalina.core.ApplicationFilterChain.internalDoFilter(ApplicationFilterChain.java:178)
	at org.apache.catalina.core.ApplicationFilterChain.doFilter(ApplicationFilterChain.java:153)
	at org.springframework.web.filter.FormContentFilter.doFilterInternal(FormContentFilter.java:93)
	at org.springframework.web.filter.OncePerRequestFilter.doFilter(OncePerRequestFilter.java:117)
	at org.apache.catalina.core.ApplicationFilterChain.internalDoFilter(ApplicationFilterChain.java:178)
	at org.apache.catalina.core.ApplicationFilterChain.doFilter(ApplicationFilterChain.java:153)
	at org.springframework.web.filter.CharacterEncodingFilter.doFilterInternal(CharacterEncodingFilter.java:201)
	at org.springframework.web.filter.OncePerRequestFilter.doFilter(OncePerRequestFilter.java:117)
	at org.apache.catalina.core.ApplicationFilterChain.internalDoFilter(ApplicationFilterChain.java:178)
	at org.apache.catalina.core.ApplicationFilterChain.doFilter(ApplicationFilterChain.java:153)
	at org.apache.catalina.core.StandardWrapperValve.invoke(StandardWrapperValve.java:167)
	at org.apache.catalina.core.StandardContextValve.invoke(StandardContextValve.java:90)
	at org.apache.catalina.authenticator.AuthenticatorBase.invoke(AuthenticatorBase.java:481)
	at org.apache.catalina.core.StandardHostValve.invoke(StandardHostValve.java:130)
	at org.apache.catalina.valves.ErrorReportValve.invoke(ErrorReportValve.java:93)
	at org.apache.catalina.core.StandardEngineValve.invoke(StandardEngineValve.java:74)
	at org.apache.catalina.connector.CoyoteAdapter.service(CoyoteAdapter.java:343)
	at org.apache.coyote.http11.Http11Processor.service(Http11Processor.java:390)
	at org.apache.coyote.AbstractProcessorLight.process(AbstractProcessorLight.java:63)
	at org.apache.coyote.AbstractProtocol$ConnectionHandler.process(AbstractProtocol.java:926)
	at org.apache.tomcat.util.net.NioEndpoint$SocketProcessor.doRun(NioEndpoint.java:1791)
	at org.apache.tomcat.util.net.SocketProcessorBase.run(SocketProcessorBase.java:52)
	at org.apache.tomcat.util.threads.ThreadPoolExecutor.runWorker(ThreadPoolExecutor.java:1191)
	at org.apache.tomcat.util.threads.ThreadPoolExecutor$Worker.run(ThreadPoolExecutor.java:659)
	at org.apache.tomcat.util.threads.TaskThread$WrappingRunnable.run(TaskThread.java:61)
	at java.lang.Thread.run(Thread.java:748)
Caused by: org.postgresql.util.PSQLException: 错误: 语法错误 在 "order" 或附近的
  位置：348
	at org.postgresql.core.v3.QueryExecutorImpl.receiveErrorResponse(QueryExecutorImpl.java:2675)
	at org.postgresql.core.v3.QueryExecutorImpl.processResults(QueryExecutorImpl.java:2365)
	at org.postgresql.core.v3.QueryExecutorImpl.execute(QueryExecutorImpl.java:355)
	at org.postgresql.jdbc.PgStatement.executeInternal(PgStatement.java:490)
	at org.postgresql.jdbc.PgStatement.execute(PgStatement.java:408)
	at org.postgresql.jdbc.PgPreparedStatement.executeWithFlags(PgPreparedStatement.java:167)
	at org.postgresql.jdbc.PgPreparedStatement.execute(PgPreparedStatement.java:156)
	at com.alibaba.druid.pool.DruidPooledPreparedStatement.execute(DruidPooledPreparedStatement.java:497)
	at org.apache.ibatis.executor.statement.PreparedStatementHandler.query(PreparedStatementHandler.java:64)
	at org.apache.ibatis.executor.statement.RoutingStatementHandler.query(RoutingStatementHandler.java:79)
	at org.apache.ibatis.executor.SimpleExecutor.doQuery(SimpleExecutor.java:63)
	at org.apache.ibatis.executor.BaseExecutor.queryFromDatabase(BaseExecutor.java:325)
	at org.apache.ibatis.executor.BaseExecutor.query(BaseExecutor.java:156)
	at org.apache.ibatis.executor.CachingExecutor.query(CachingExecutor.java:109)
	at com.github.pagehelper.PageInterceptor.intercept(PageInterceptor.java:151)
	at org.apache.ibatis.plugin.Plugin.invoke(Plugin.java:62)
	at com.sun.proxy.$Proxy96.query(Unknown Source)
	at org.apache.ibatis.session.defaults.DefaultSqlSession.selectList(DefaultSqlSession.java:151)
	at org.apache.ibatis.session.defaults.DefaultSqlSession.selectList(DefaultSqlSession.java:145)
	at org.apache.ibatis.session.defaults.DefaultSqlSession.selectList(DefaultSqlSession.java:140)
	at sun.reflect.NativeMethodAccessorImpl.invoke0(Native Method)
	at sun.reflect.NativeMethodAccessorImpl.invoke(NativeMethodAccessorImpl.java:62)
	at sun.reflect.DelegatingMethodAccessorImpl.invoke(DelegatingMethodAccessorImpl.java:43)
	at java.lang.reflect.Method.invoke(Method.java:498)
	at org.mybatis.spring.SqlSessionTemplate$SqlSessionInterceptor.invoke(SqlSessionTemplate.java:427)
	... 63 common frames omitted
2024-03-12 09:08:33 -全局异常：org.springframework.jdbc.BadSqlGrammarException: 
### Error querying database.  Cause: org.postgresql.util.PSQLException: 错误: 语法错误 在 "order" 或附近的
  位置：348
### The error may exist in file [E:\MySourceCode\yxzhishu-platform\yxzhishu-platform-app\yxzhishu-platform-app-system\target\classes\mybatis\SysMenuMapper.xml]
### The error may involve com.yxzhishu.platform.app.system.mapper.SysMenuMapper.findByAccurate-Inline
### The error occurred while setting parameters
### SQL: select                   a.menu_id         ,a.menu_name,a.menu_type,a.menu_path,a.component,         a.parent_id,a.system_flag,a.title,a.icon,a.hidden,         a.keep_alive,a.sort_order,a.status,a.description      ,b.role_id         from sys.menu a         left join sys.role_vs_menu b on a.menu_id = b.menu_id          WHERE  role_id in          order by sort_order
### Cause: org.postgresql.util.PSQLException: 错误: 语法错误 在 "order" 或附近的
  位置：348
; bad SQL grammar []; nested exception is org.postgresql.util.PSQLException: 错误: 语法错误 在 "order" 或附近的
  位置：348
org.springframework.jdbc.BadSqlGrammarException: 
### Error querying database.  Cause: org.postgresql.util.PSQLException: 错误: 语法错误 在 "order" 或附近的
  位置：348
### The error may exist in file [E:\MySourceCode\yxzhishu-platform\yxzhishu-platform-app\yxzhishu-platform-app-system\target\classes\mybatis\SysMenuMapper.xml]
### The error may involve com.yxzhishu.platform.app.system.mapper.SysMenuMapper.findByAccurate-Inline
### The error occurred while setting parameters
### SQL: select                   a.menu_id         ,a.menu_name,a.menu_type,a.menu_path,a.component,         a.parent_id,a.system_flag,a.title,a.icon,a.hidden,         a.keep_alive,a.sort_order,a.status,a.description      ,b.role_id         from sys.menu a         left join sys.role_vs_menu b on a.menu_id = b.menu_id          WHERE  role_id in          order by sort_order
### Cause: org.postgresql.util.PSQLException: 错误: 语法错误 在 "order" 或附近的
  位置：348
; bad SQL grammar []; nested exception is org.postgresql.util.PSQLException: 错误: 语法错误 在 "order" 或附近的
  位置：348
	at org.springframework.jdbc.support.SQLErrorCodeSQLExceptionTranslator.doTranslate(SQLErrorCodeSQLExceptionTranslator.java:239)
	at org.springframework.jdbc.support.AbstractFallbackSQLExceptionTranslator.translate(AbstractFallbackSQLExceptionTranslator.java:70)
	at org.mybatis.spring.MyBatisExceptionTranslator.translateExceptionIfPossible(MyBatisExceptionTranslator.java:91)
	at org.mybatis.spring.SqlSessionTemplate$SqlSessionInterceptor.invoke(SqlSessionTemplate.java:441)
	at com.sun.proxy.$Proxy74.selectList(Unknown Source)
	at org.mybatis.spring.SqlSessionTemplate.selectList(SqlSessionTemplate.java:224)
	at com.baomidou.mybatisplus.core.override.MybatisMapperMethod.executeForMany(MybatisMapperMethod.java:166)
	at com.baomidou.mybatisplus.core.override.MybatisMapperMethod.execute(MybatisMapperMethod.java:77)
	at com.baomidou.mybatisplus.core.override.MybatisMapperProxy$PlainMethodInvoker.invoke(MybatisMapperProxy.java:148)
	at com.baomidou.mybatisplus.core.override.MybatisMapperProxy.invoke(MybatisMapperProxy.java:89)
	at com.sun.proxy.$Proxy75.findByAccurate(Unknown Source)
	at com.yxzhishu.platform.app.system.service.impl.SysMenuServiceImpl.findByAccurate(SysMenuServiceImpl.java:38)
	at com.yxzhishu.platform.app.system.business.impl.SysMenuBusinessImpl.findRoute(SysMenuBusinessImpl.java:50)
	at com.yxzhishu.platform.app.system.controller.SysMenuController.findRoute(SysMenuController.java:42)
	at sun.reflect.NativeMethodAccessorImpl.invoke0(Native Method)
	at sun.reflect.NativeMethodAccessorImpl.invoke(NativeMethodAccessorImpl.java:62)
	at sun.reflect.DelegatingMethodAccessorImpl.invoke(DelegatingMethodAccessorImpl.java:43)
	at java.lang.reflect.Method.invoke(Method.java:498)
	at org.springframework.web.method.support.InvocableHandlerMethod.doInvoke(InvocableHandlerMethod.java:205)
	at org.springframework.web.method.support.InvocableHandlerMethod.invokeForRequest(InvocableHandlerMethod.java:150)
	at org.springframework.web.servlet.mvc.method.annotation.ServletInvocableHandlerMethod.invokeAndHandle(ServletInvocableHandlerMethod.java:117)
	at org.springframework.web.servlet.mvc.method.annotation.RequestMappingHandlerAdapter.invokeHandlerMethod(RequestMappingHandlerAdapter.java:895)
	at org.springframework.web.servlet.mvc.method.annotation.RequestMappingHandlerAdapter.handleInternal(RequestMappingHandlerAdapter.java:808)
	at org.springframework.web.servlet.mvc.method.AbstractHandlerMethodAdapter.handle(AbstractHandlerMethodAdapter.java:87)
	at org.springframework.web.servlet.DispatcherServlet.doDispatch(DispatcherServlet.java:1072)
	at org.springframework.web.servlet.DispatcherServlet.doService(DispatcherServlet.java:965)
	at org.springframework.web.servlet.FrameworkServlet.processRequest(FrameworkServlet.java:1006)
	at org.springframework.web.servlet.FrameworkServlet.doGet(FrameworkServlet.java:898)
	at javax.servlet.http.HttpServlet.service(HttpServlet.java:529)
	at org.springframework.web.servlet.FrameworkServlet.service(FrameworkServlet.java:883)
	at javax.servlet.http.HttpServlet.service(HttpServlet.java:623)
	at org.apache.catalina.core.ApplicationFilterChain.internalDoFilter(ApplicationFilterChain.java:209)
	at org.apache.catalina.core.ApplicationFilterChain.doFilter(ApplicationFilterChain.java:153)
	at org.apache.tomcat.websocket.server.WsFilter.doFilter(WsFilter.java:51)
	at org.apache.catalina.core.ApplicationFilterChain.internalDoFilter(ApplicationFilterChain.java:178)
	at org.apache.catalina.core.ApplicationFilterChain.doFilter(ApplicationFilterChain.java:153)
	at org.springframework.web.filter.RequestContextFilter.doFilterInternal(RequestContextFilter.java:100)
	at org.springframework.web.filter.OncePerRequestFilter.doFilter(OncePerRequestFilter.java:117)
	at org.apache.catalina.core.ApplicationFilterChain.internalDoFilter(ApplicationFilterChain.java:178)
	at org.apache.catalina.core.ApplicationFilterChain.doFilter(ApplicationFilterChain.java:153)
	at cn.dev33.satoken.filter.SaPathCheckFilterForServlet.doFilter(SaPathCheckFilterForServlet.java:55)
	at org.apache.catalina.core.ApplicationFilterChain.internalDoFilter(ApplicationFilterChain.java:178)
	at org.apache.catalina.core.ApplicationFilterChain.doFilter(ApplicationFilterChain.java:153)
	at org.springframework.web.filter.FormContentFilter.doFilterInternal(FormContentFilter.java:93)
	at org.springframework.web.filter.OncePerRequestFilter.doFilter(OncePerRequestFilter.java:117)
	at org.apache.catalina.core.ApplicationFilterChain.internalDoFilter(ApplicationFilterChain.java:178)
	at org.apache.catalina.core.ApplicationFilterChain.doFilter(ApplicationFilterChain.java:153)
	at org.springframework.web.filter.CharacterEncodingFilter.doFilterInternal(CharacterEncodingFilter.java:201)
	at org.springframework.web.filter.OncePerRequestFilter.doFilter(OncePerRequestFilter.java:117)
	at org.apache.catalina.core.ApplicationFilterChain.internalDoFilter(ApplicationFilterChain.java:178)
	at org.apache.catalina.core.ApplicationFilterChain.doFilter(ApplicationFilterChain.java:153)
	at org.apache.catalina.core.StandardWrapperValve.invoke(StandardWrapperValve.java:167)
	at org.apache.catalina.core.StandardContextValve.invoke(StandardContextValve.java:90)
	at org.apache.catalina.authenticator.AuthenticatorBase.invoke(AuthenticatorBase.java:481)
	at org.apache.catalina.core.StandardHostValve.invoke(StandardHostValve.java:130)
	at org.apache.catalina.valves.ErrorReportValve.invoke(ErrorReportValve.java:93)
	at org.apache.catalina.core.StandardEngineValve.invoke(StandardEngineValve.java:74)
	at org.apache.catalina.connector.CoyoteAdapter.service(CoyoteAdapter.java:343)
	at org.apache.coyote.http11.Http11Processor.service(Http11Processor.java:390)
	at org.apache.coyote.AbstractProcessorLight.process(AbstractProcessorLight.java:63)
	at org.apache.coyote.AbstractProtocol$ConnectionHandler.process(AbstractProtocol.java:926)
	at org.apache.tomcat.util.net.NioEndpoint$SocketProcessor.doRun(NioEndpoint.java:1791)
	at org.apache.tomcat.util.net.SocketProcessorBase.run(SocketProcessorBase.java:52)
	at org.apache.tomcat.util.threads.ThreadPoolExecutor.runWorker(ThreadPoolExecutor.java:1191)
	at org.apache.tomcat.util.threads.ThreadPoolExecutor$Worker.run(ThreadPoolExecutor.java:659)
	at org.apache.tomcat.util.threads.TaskThread$WrappingRunnable.run(TaskThread.java:61)
	at java.lang.Thread.run(Thread.java:748)
Caused by: org.postgresql.util.PSQLException: 错误: 语法错误 在 "order" 或附近的
  位置：348
	at org.postgresql.core.v3.QueryExecutorImpl.receiveErrorResponse(QueryExecutorImpl.java:2675)
	at org.postgresql.core.v3.QueryExecutorImpl.processResults(QueryExecutorImpl.java:2365)
	at org.postgresql.core.v3.QueryExecutorImpl.execute(QueryExecutorImpl.java:355)
	at org.postgresql.jdbc.PgStatement.executeInternal(PgStatement.java:490)
	at org.postgresql.jdbc.PgStatement.execute(PgStatement.java:408)
	at org.postgresql.jdbc.PgPreparedStatement.executeWithFlags(PgPreparedStatement.java:167)
	at org.postgresql.jdbc.PgPreparedStatement.execute(PgPreparedStatement.java:156)
	at com.alibaba.druid.pool.DruidPooledPreparedStatement.execute(DruidPooledPreparedStatement.java:497)
	at org.apache.ibatis.executor.statement.PreparedStatementHandler.query(PreparedStatementHandler.java:64)
	at org.apache.ibatis.executor.statement.RoutingStatementHandler.query(RoutingStatementHandler.java:79)
	at org.apache.ibatis.executor.SimpleExecutor.doQuery(SimpleExecutor.java:63)
	at org.apache.ibatis.executor.BaseExecutor.queryFromDatabase(BaseExecutor.java:325)
	at org.apache.ibatis.executor.BaseExecutor.query(BaseExecutor.java:156)
	at org.apache.ibatis.executor.CachingExecutor.query(CachingExecutor.java:109)
	at com.github.pagehelper.PageInterceptor.intercept(PageInterceptor.java:151)
	at org.apache.ibatis.plugin.Plugin.invoke(Plugin.java:62)
	at com.sun.proxy.$Proxy96.query(Unknown Source)
	at org.apache.ibatis.session.defaults.DefaultSqlSession.selectList(DefaultSqlSession.java:151)
	at org.apache.ibatis.session.defaults.DefaultSqlSession.selectList(DefaultSqlSession.java:145)
	at org.apache.ibatis.session.defaults.DefaultSqlSession.selectList(DefaultSqlSession.java:140)
	at sun.reflect.NativeMethodAccessorImpl.invoke0(Native Method)
	at sun.reflect.NativeMethodAccessorImpl.invoke(NativeMethodAccessorImpl.java:62)
	at sun.reflect.DelegatingMethodAccessorImpl.invoke(DelegatingMethodAccessorImpl.java:43)
	at java.lang.reflect.Method.invoke(Method.java:498)
	at org.mybatis.spring.SqlSessionTemplate$SqlSessionInterceptor.invoke(SqlSessionTemplate.java:427)
	... 63 common frames omitted
2024-03-12 09:08:33 -{dataSource-1} closing ...
2024-03-12 09:08:33 -{dataSource-1} closed
2024-03-12 09:08:39 -HV000001: Hibernate Validator 6.2.5.Final
2024-03-12 09:08:39 -Starting YxzhishuPlatformAppStartApplication using Java 1.8.0_311 on LAPTOP-ERQNR93S with PID 7376 (E:\MySourceCode\yxzhishu-platform\yxzhishu-platform-app\yxzhishu-platform-app-start\target\classes started by lmj in E:\MySourceCode\yxzhishu-platform\yxzhishu-platform-app)
2024-03-12 09:08:39 -No active profile set, falling back to 1 default profile: "default"
2024-03-12 09:08:40 -No MyBatis mapper was found in '[com.yxzhishu.platform.app.start]' package. Please check your configuration.
2024-03-12 09:08:40 -Tomcat initialized with port(s): 8092 (http)
2024-03-12 09:08:40 -Initializing ProtocolHandler ["http-nio-8092"]
2024-03-12 09:08:40 -Starting service [Tomcat]
2024-03-12 09:08:40 -Starting Servlet engine: [Apache Tomcat/9.0.75]
2024-03-12 09:08:40 -Initializing Spring embedded WebApplicationContext
2024-03-12 09:08:40 -Root WebApplicationContext: initialization completed in 1650 ms
2024-03-12 09:08:41 -Can not find table primary key in Class: "com.yxzhishu.platform.app.system.entity.po.SysAccountVsRole".
2024-03-12 09:08:41 -class com.yxzhishu.platform.app.system.entity.po.SysAccountVsRole ,Not found @TableId annotation, Cannot use Mybatis-Plus 'xxById' Method.
2024-03-12 09:08:41 -Can not find table primary key in Class: "com.yxzhishu.platform.app.system.entity.po.SysRoleVsMenu".
2024-03-12 09:08:41 -class com.yxzhishu.platform.app.system.entity.po.SysRoleVsMenu ,Not found @TableId annotation, Cannot use Mybatis-Plus 'xxById' Method.
2024-03-12 09:08:42 -api模块自动加载成功...
2024-03-12 09:08:42 -base模块自动加载成功...
2024-03-12 09:08:42 -dictionary模块自动加载成功...
2024-03-12 09:08:42 -system模块自动加载成功...
2024-03-12 09:08:42 -temporary模块自动加载成功...
2024-03-12 09:08:42 -Starting ProtocolHandler ["http-nio-8092"]
2024-03-12 09:08:42 -Tomcat started on port(s): 8092 (http) with context path '/api'
2024-03-12 09:08:42 -Started YxzhishuPlatformAppStartApplication in 3.688 seconds (JVM running for 4.688)
2024-03-12 09:08:42 -项目启动成功！
2024-03-12 09:08:43 -Initializing Spring DispatcherServlet 'dispatcherServlet'
2024-03-12 09:08:43 -Initializing Servlet 'dispatcherServlet'
2024-03-12 09:08:43 -Completed initialization in 1 ms
2024-03-12 09:08:43 -{dataSource-1} inited
2024-03-12 09:13:57 -全局异常：org.springframework.jdbc.BadSqlGrammarException: 
### Error querying database.  Cause: org.postgresql.util.PSQLException: 错误: 语法错误 在 "order" 或附近的
  位置：348
### The error may exist in file [E:\MySourceCode\yxzhishu-platform\yxzhishu-platform-app\yxzhishu-platform-app-system\target\classes\mybatis\SysMenuMapper.xml]
### The error may involve com.yxzhishu.platform.app.system.mapper.SysMenuMapper.findByAccurate-Inline
### The error occurred while setting parameters
### SQL: select                   a.menu_id         ,a.menu_name,a.menu_type,a.menu_path,a.component,         a.parent_id,a.system_flag,a.title,a.icon,a.hidden,         a.keep_alive,a.sort_order,a.status,a.description      ,b.role_id         from sys.menu a         left join sys.role_vs_menu b on a.menu_id = b.menu_id          WHERE  role_id in          order by sort_order
### Cause: org.postgresql.util.PSQLException: 错误: 语法错误 在 "order" 或附近的
  位置：348
; bad SQL grammar []; nested exception is org.postgresql.util.PSQLException: 错误: 语法错误 在 "order" 或附近的
  位置：348
org.springframework.jdbc.BadSqlGrammarException: 
### Error querying database.  Cause: org.postgresql.util.PSQLException: 错误: 语法错误 在 "order" 或附近的
  位置：348
### The error may exist in file [E:\MySourceCode\yxzhishu-platform\yxzhishu-platform-app\yxzhishu-platform-app-system\target\classes\mybatis\SysMenuMapper.xml]
### The error may involve com.yxzhishu.platform.app.system.mapper.SysMenuMapper.findByAccurate-Inline
### The error occurred while setting parameters
### SQL: select                   a.menu_id         ,a.menu_name,a.menu_type,a.menu_path,a.component,         a.parent_id,a.system_flag,a.title,a.icon,a.hidden,         a.keep_alive,a.sort_order,a.status,a.description      ,b.role_id         from sys.menu a         left join sys.role_vs_menu b on a.menu_id = b.menu_id          WHERE  role_id in          order by sort_order
### Cause: org.postgresql.util.PSQLException: 错误: 语法错误 在 "order" 或附近的
  位置：348
; bad SQL grammar []; nested exception is org.postgresql.util.PSQLException: 错误: 语法错误 在 "order" 或附近的
  位置：348
	at org.springframework.jdbc.support.SQLErrorCodeSQLExceptionTranslator.doTranslate(SQLErrorCodeSQLExceptionTranslator.java:239)
	at org.springframework.jdbc.support.AbstractFallbackSQLExceptionTranslator.translate(AbstractFallbackSQLExceptionTranslator.java:70)
	at org.mybatis.spring.MyBatisExceptionTranslator.translateExceptionIfPossible(MyBatisExceptionTranslator.java:91)
	at org.mybatis.spring.SqlSessionTemplate$SqlSessionInterceptor.invoke(SqlSessionTemplate.java:441)
	at com.sun.proxy.$Proxy74.selectList(Unknown Source)
	at org.mybatis.spring.SqlSessionTemplate.selectList(SqlSessionTemplate.java:224)
	at com.baomidou.mybatisplus.core.override.MybatisMapperMethod.executeForMany(MybatisMapperMethod.java:166)
	at com.baomidou.mybatisplus.core.override.MybatisMapperMethod.execute(MybatisMapperMethod.java:77)
	at com.baomidou.mybatisplus.core.override.MybatisMapperProxy$PlainMethodInvoker.invoke(MybatisMapperProxy.java:148)
	at com.baomidou.mybatisplus.core.override.MybatisMapperProxy.invoke(MybatisMapperProxy.java:89)
	at com.sun.proxy.$Proxy75.findByAccurate(Unknown Source)
	at com.yxzhishu.platform.app.system.service.impl.SysMenuServiceImpl.findByAccurate(SysMenuServiceImpl.java:38)
	at com.yxzhishu.platform.app.system.business.impl.SysMenuBusinessImpl.findRoute(SysMenuBusinessImpl.java:50)
	at com.yxzhishu.platform.app.system.controller.SysMenuController.findRoute(SysMenuController.java:40)
	at sun.reflect.NativeMethodAccessorImpl.invoke0(Native Method)
	at sun.reflect.NativeMethodAccessorImpl.invoke(NativeMethodAccessorImpl.java:62)
	at sun.reflect.DelegatingMethodAccessorImpl.invoke(DelegatingMethodAccessorImpl.java:43)
	at java.lang.reflect.Method.invoke(Method.java:498)
	at org.springframework.web.method.support.InvocableHandlerMethod.doInvoke(InvocableHandlerMethod.java:205)
	at org.springframework.web.method.support.InvocableHandlerMethod.invokeForRequest(InvocableHandlerMethod.java:150)
	at org.springframework.web.servlet.mvc.method.annotation.ServletInvocableHandlerMethod.invokeAndHandle(ServletInvocableHandlerMethod.java:117)
	at org.springframework.web.servlet.mvc.method.annotation.RequestMappingHandlerAdapter.invokeHandlerMethod(RequestMappingHandlerAdapter.java:895)
	at org.springframework.web.servlet.mvc.method.annotation.RequestMappingHandlerAdapter.handleInternal(RequestMappingHandlerAdapter.java:808)
	at org.springframework.web.servlet.mvc.method.AbstractHandlerMethodAdapter.handle(AbstractHandlerMethodAdapter.java:87)
	at org.springframework.web.servlet.DispatcherServlet.doDispatch(DispatcherServlet.java:1072)
	at org.springframework.web.servlet.DispatcherServlet.doService(DispatcherServlet.java:965)
	at org.springframework.web.servlet.FrameworkServlet.processRequest(FrameworkServlet.java:1006)
	at org.springframework.web.servlet.FrameworkServlet.doGet(FrameworkServlet.java:898)
	at javax.servlet.http.HttpServlet.service(HttpServlet.java:529)
	at org.springframework.web.servlet.FrameworkServlet.service(FrameworkServlet.java:883)
	at javax.servlet.http.HttpServlet.service(HttpServlet.java:623)
	at org.apache.catalina.core.ApplicationFilterChain.internalDoFilter(ApplicationFilterChain.java:209)
	at org.apache.catalina.core.ApplicationFilterChain.doFilter(ApplicationFilterChain.java:153)
	at org.apache.tomcat.websocket.server.WsFilter.doFilter(WsFilter.java:51)
	at org.apache.catalina.core.ApplicationFilterChain.internalDoFilter(ApplicationFilterChain.java:178)
	at org.apache.catalina.core.ApplicationFilterChain.doFilter(ApplicationFilterChain.java:153)
	at org.springframework.web.filter.RequestContextFilter.doFilterInternal(RequestContextFilter.java:100)
	at org.springframework.web.filter.OncePerRequestFilter.doFilter(OncePerRequestFilter.java:117)
	at org.apache.catalina.core.ApplicationFilterChain.internalDoFilter(ApplicationFilterChain.java:178)
	at org.apache.catalina.core.ApplicationFilterChain.doFilter(ApplicationFilterChain.java:153)
	at cn.dev33.satoken.filter.SaPathCheckFilterForServlet.doFilter(SaPathCheckFilterForServlet.java:55)
	at org.apache.catalina.core.ApplicationFilterChain.internalDoFilter(ApplicationFilterChain.java:178)
	at org.apache.catalina.core.ApplicationFilterChain.doFilter(ApplicationFilterChain.java:153)
	at org.springframework.web.filter.FormContentFilter.doFilterInternal(FormContentFilter.java:93)
	at org.springframework.web.filter.OncePerRequestFilter.doFilter(OncePerRequestFilter.java:117)
	at org.apache.catalina.core.ApplicationFilterChain.internalDoFilter(ApplicationFilterChain.java:178)
	at org.apache.catalina.core.ApplicationFilterChain.doFilter(ApplicationFilterChain.java:153)
	at org.springframework.web.filter.CharacterEncodingFilter.doFilterInternal(CharacterEncodingFilter.java:201)
	at org.springframework.web.filter.OncePerRequestFilter.doFilter(OncePerRequestFilter.java:117)
	at org.apache.catalina.core.ApplicationFilterChain.internalDoFilter(ApplicationFilterChain.java:178)
	at org.apache.catalina.core.ApplicationFilterChain.doFilter(ApplicationFilterChain.java:153)
	at org.apache.catalina.core.StandardWrapperValve.invoke(StandardWrapperValve.java:167)
	at org.apache.catalina.core.StandardContextValve.invoke(StandardContextValve.java:90)
	at org.apache.catalina.authenticator.AuthenticatorBase.invoke(AuthenticatorBase.java:481)
	at org.apache.catalina.core.StandardHostValve.invoke(StandardHostValve.java:130)
	at org.apache.catalina.valves.ErrorReportValve.invoke(ErrorReportValve.java:93)
	at org.apache.catalina.core.StandardEngineValve.invoke(StandardEngineValve.java:74)
	at org.apache.catalina.connector.CoyoteAdapter.service(CoyoteAdapter.java:343)
	at org.apache.coyote.http11.Http11Processor.service(Http11Processor.java:390)
	at org.apache.coyote.AbstractProcessorLight.process(AbstractProcessorLight.java:63)
	at org.apache.coyote.AbstractProtocol$ConnectionHandler.process(AbstractProtocol.java:926)
	at org.apache.tomcat.util.net.NioEndpoint$SocketProcessor.doRun(NioEndpoint.java:1791)
	at org.apache.tomcat.util.net.SocketProcessorBase.run(SocketProcessorBase.java:52)
	at org.apache.tomcat.util.threads.ThreadPoolExecutor.runWorker(ThreadPoolExecutor.java:1191)
	at org.apache.tomcat.util.threads.ThreadPoolExecutor$Worker.run(ThreadPoolExecutor.java:659)
	at org.apache.tomcat.util.threads.TaskThread$WrappingRunnable.run(TaskThread.java:61)
	at java.lang.Thread.run(Thread.java:748)
Caused by: org.postgresql.util.PSQLException: 错误: 语法错误 在 "order" 或附近的
  位置：348
	at org.postgresql.core.v3.QueryExecutorImpl.receiveErrorResponse(QueryExecutorImpl.java:2675)
	at org.postgresql.core.v3.QueryExecutorImpl.processResults(QueryExecutorImpl.java:2365)
	at org.postgresql.core.v3.QueryExecutorImpl.execute(QueryExecutorImpl.java:355)
	at org.postgresql.jdbc.PgStatement.executeInternal(PgStatement.java:490)
	at org.postgresql.jdbc.PgStatement.execute(PgStatement.java:408)
	at org.postgresql.jdbc.PgPreparedStatement.executeWithFlags(PgPreparedStatement.java:167)
	at org.postgresql.jdbc.PgPreparedStatement.execute(PgPreparedStatement.java:156)
	at com.alibaba.druid.pool.DruidPooledPreparedStatement.execute(DruidPooledPreparedStatement.java:497)
	at org.apache.ibatis.executor.statement.PreparedStatementHandler.query(PreparedStatementHandler.java:64)
	at org.apache.ibatis.executor.statement.RoutingStatementHandler.query(RoutingStatementHandler.java:79)
	at org.apache.ibatis.executor.SimpleExecutor.doQuery(SimpleExecutor.java:63)
	at org.apache.ibatis.executor.BaseExecutor.queryFromDatabase(BaseExecutor.java:325)
	at org.apache.ibatis.executor.BaseExecutor.query(BaseExecutor.java:156)
	at org.apache.ibatis.executor.CachingExecutor.query(CachingExecutor.java:109)
	at com.github.pagehelper.PageInterceptor.intercept(PageInterceptor.java:151)
	at org.apache.ibatis.plugin.Plugin.invoke(Plugin.java:62)
	at com.sun.proxy.$Proxy96.query(Unknown Source)
	at org.apache.ibatis.session.defaults.DefaultSqlSession.selectList(DefaultSqlSession.java:151)
	at org.apache.ibatis.session.defaults.DefaultSqlSession.selectList(DefaultSqlSession.java:145)
	at org.apache.ibatis.session.defaults.DefaultSqlSession.selectList(DefaultSqlSession.java:140)
	at sun.reflect.NativeMethodAccessorImpl.invoke0(Native Method)
	at sun.reflect.NativeMethodAccessorImpl.invoke(NativeMethodAccessorImpl.java:62)
	at sun.reflect.DelegatingMethodAccessorImpl.invoke(DelegatingMethodAccessorImpl.java:43)
	at java.lang.reflect.Method.invoke(Method.java:498)
	at org.mybatis.spring.SqlSessionTemplate$SqlSessionInterceptor.invoke(SqlSessionTemplate.java:427)
	... 63 common frames omitted
2024-03-12 09:13:57 -{dataSource-1} closing ...
2024-03-12 09:13:57 -{dataSource-1} closed
2024-03-12 09:14:24 -HV000001: Hibernate Validator 6.2.5.Final
2024-03-12 09:14:25 -Starting YxzhishuPlatformAppStartApplication using Java 1.8.0_311 on LAPTOP-ERQNR93S with PID 12284 (E:\MySourceCode\yxzhishu-platform\yxzhishu-platform-app\yxzhishu-platform-app-start\target\classes started by lmj in E:\MySourceCode\yxzhishu-platform\yxzhishu-platform-app)
2024-03-12 09:14:25 -No active profile set, falling back to 1 default profile: "default"
2024-03-12 09:14:25 -No MyBatis mapper was found in '[com.yxzhishu.platform.app.start]' package. Please check your configuration.
2024-03-12 09:14:26 -Tomcat initialized with port(s): 8092 (http)
2024-03-12 09:14:26 -Initializing ProtocolHandler ["http-nio-8092"]
2024-03-12 09:14:26 -Starting service [Tomcat]
2024-03-12 09:14:26 -Starting Servlet engine: [Apache Tomcat/9.0.75]
2024-03-12 09:14:26 -Initializing Spring embedded WebApplicationContext
2024-03-12 09:14:26 -Root WebApplicationContext: initialization completed in 1206 ms
2024-03-12 09:14:26 -Can not find table primary key in Class: "com.yxzhishu.platform.app.system.entity.po.SysAccountVsRole".
2024-03-12 09:14:26 -class com.yxzhishu.platform.app.system.entity.po.SysAccountVsRole ,Not found @TableId annotation, Cannot use Mybatis-Plus 'xxById' Method.
2024-03-12 09:14:27 -Can not find table primary key in Class: "com.yxzhishu.platform.app.system.entity.po.SysRoleVsMenu".
2024-03-12 09:14:27 -class com.yxzhishu.platform.app.system.entity.po.SysRoleVsMenu ,Not found @TableId annotation, Cannot use Mybatis-Plus 'xxById' Method.
2024-03-12 09:14:27 -api模块自动加载成功...
2024-03-12 09:14:27 -base模块自动加载成功...
2024-03-12 09:14:27 -dictionary模块自动加载成功...
2024-03-12 09:14:27 -system模块自动加载成功...
2024-03-12 09:14:27 -temporary模块自动加载成功...
2024-03-12 09:14:27 -Starting ProtocolHandler ["http-nio-8092"]
2024-03-12 09:14:27 -Tomcat started on port(s): 8092 (http) with context path '/api'
2024-03-12 09:14:27 -Started YxzhishuPlatformAppStartApplication in 3.255 seconds (JVM running for 4.131)
2024-03-12 09:14:27 -项目启动成功！
2024-03-12 09:15:26 -Initializing Spring DispatcherServlet 'dispatcherServlet'
2024-03-12 09:15:26 -Initializing Servlet 'dispatcherServlet'
2024-03-12 09:15:26 -Completed initialization in 0 ms
2024-03-12 09:15:26 -{dataSource-1} inited
2024-03-12 09:16:35 -{dataSource-1} closing ...
2024-03-12 09:16:35 -{dataSource-1} closed
2024-03-12 09:16:38 -HV000001: Hibernate Validator 6.2.5.Final
2024-03-12 09:16:38 -Starting YxzhishuPlatformAppStartApplication using Java 1.8.0_311 on LAPTOP-ERQNR93S with PID 1884 (E:\MySourceCode\yxzhishu-platform\yxzhishu-platform-app\yxzhishu-platform-app-start\target\classes started by lmj in E:\MySourceCode\yxzhishu-platform\yxzhishu-platform-app)
2024-03-12 09:16:38 -No active profile set, falling back to 1 default profile: "default"
2024-03-12 09:16:39 -No MyBatis mapper was found in '[com.yxzhishu.platform.app.start]' package. Please check your configuration.
2024-03-12 09:16:39 -Tomcat initialized with port(s): 8092 (http)
2024-03-12 09:16:39 -Initializing ProtocolHandler ["http-nio-8092"]
2024-03-12 09:16:39 -Starting service [Tomcat]
2024-03-12 09:16:39 -Starting Servlet engine: [Apache Tomcat/9.0.75]
2024-03-12 09:16:39 -Initializing Spring embedded WebApplicationContext
2024-03-12 09:16:39 -Root WebApplicationContext: initialization completed in 1598 ms
2024-03-12 09:16:40 -Can not find table primary key in Class: "com.yxzhishu.platform.app.system.entity.po.SysAccountVsRole".
2024-03-12 09:16:40 -class com.yxzhishu.platform.app.system.entity.po.SysAccountVsRole ,Not found @TableId annotation, Cannot use Mybatis-Plus 'xxById' Method.
2024-03-12 09:16:40 -Can not find table primary key in Class: "com.yxzhishu.platform.app.system.entity.po.SysRoleVsMenu".
2024-03-12 09:16:40 -class com.yxzhishu.platform.app.system.entity.po.SysRoleVsMenu ,Not found @TableId annotation, Cannot use Mybatis-Plus 'xxById' Method.
2024-03-12 09:16:41 -HV000001: Hibernate Validator 6.2.5.Final
2024-03-12 09:16:41 -Starting YxzhishuPlatformAppStartApplication using Java 1.8.0_311 on LAPTOP-ERQNR93S with PID 1388 (E:\MySourceCode\yxzhishu-platform\yxzhishu-platform-app\yxzhishu-platform-app-start\target\classes started by lmj in E:\MySourceCode\yxzhishu-platform\yxzhishu-platform-app)
2024-03-12 09:16:41 -No active profile set, falling back to 1 default profile: "default"
2024-03-12 09:16:41 -api模块自动加载成功...
2024-03-12 09:16:41 -base模块自动加载成功...
2024-03-12 09:16:41 -dictionary模块自动加载成功...
2024-03-12 09:16:41 -system模块自动加载成功...
2024-03-12 09:16:41 -temporary模块自动加载成功...
2024-03-12 09:16:41 -Starting ProtocolHandler ["http-nio-8092"]
2024-03-12 09:16:41 -Tomcat started on port(s): 8092 (http) with context path '/api'
2024-03-12 09:16:41 -Started YxzhishuPlatformAppStartApplication in 3.93 seconds (JVM running for 4.741)
2024-03-12 09:16:41 -项目启动成功！
2024-03-12 09:16:41 -No MyBatis mapper was found in '[com.yxzhishu.platform.app.start]' package. Please check your configuration.
2024-03-12 09:16:42 -Tomcat initialized with port(s): 8092 (http)
2024-03-12 09:16:42 -Initializing ProtocolHandler ["http-nio-8092"]
2024-03-12 09:16:42 -Starting service [Tomcat]
2024-03-12 09:16:42 -Starting Servlet engine: [Apache Tomcat/9.0.75]
2024-03-12 09:16:42 -Initializing Spring embedded WebApplicationContext
2024-03-12 09:16:42 -Root WebApplicationContext: initialization completed in 1375 ms
2024-03-12 09:16:43 -Can not find table primary key in Class: "com.yxzhishu.platform.app.system.entity.po.SysAccountVsRole".
2024-03-12 09:16:43 -class com.yxzhishu.platform.app.system.entity.po.SysAccountVsRole ,Not found @TableId annotation, Cannot use Mybatis-Plus 'xxById' Method.
2024-03-12 09:16:43 -Can not find table primary key in Class: "com.yxzhishu.platform.app.system.entity.po.SysRoleVsMenu".
2024-03-12 09:16:43 -class com.yxzhishu.platform.app.system.entity.po.SysRoleVsMenu ,Not found @TableId annotation, Cannot use Mybatis-Plus 'xxById' Method.
2024-03-12 09:16:43 -api模块自动加载成功...
2024-03-12 09:16:43 -base模块自动加载成功...
2024-03-12 09:16:43 -dictionary模块自动加载成功...
2024-03-12 09:16:43 -system模块自动加载成功...
2024-03-12 09:16:43 -temporary模块自动加载成功...
2024-03-12 09:16:44 -Starting ProtocolHandler ["http-nio-8092"]
2024-03-12 09:16:44 -Exception encountered during context initialization - cancelling refresh attempt: org.springframework.context.ApplicationContextException: Failed to start bean 'webServerStartStop'; nested exception is org.springframework.boot.web.server.PortInUseException: Port 8092 is already in use
2024-03-12 09:16:44 -{dataSource-0} closing ...
2024-03-12 09:16:44 -Pausing ProtocolHandler ["http-nio-8092"]
2024-03-12 09:16:44 -Stopping service [Tomcat]
2024-03-12 09:16:44 -Stopping ProtocolHandler ["http-nio-8092"]
2024-03-12 09:16:44 -Destroying ProtocolHandler ["http-nio-8092"]
2024-03-12 09:16:44 -

Error starting ApplicationContext. To display the conditions report re-run your application with 'debug' enabled.
2024-03-12 09:16:44 -

***************************
APPLICATION FAILED TO START
***************************

Description:

Web server failed to start. Port 8092 was already in use.

Action:

Identify and stop the process that's listening on port 8092 or configure this application to listen on another port.

2024-03-12 09:16:54 -Initializing Spring DispatcherServlet 'dispatcherServlet'
2024-03-12 09:16:54 -Initializing Servlet 'dispatcherServlet'
2024-03-12 09:16:54 -Completed initialization in 1 ms
2024-03-12 09:17:03 -{dataSource-0} closing ...
2024-03-12 09:17:06 -HV000001: Hibernate Validator 6.2.5.Final
2024-03-12 09:17:06 -Starting YxzhishuPlatformAppStartApplication using Java 1.8.0_311 on LAPTOP-ERQNR93S with PID 14444 (E:\MySourceCode\yxzhishu-platform\yxzhishu-platform-app\yxzhishu-platform-app-start\target\classes started by lmj in E:\MySourceCode\yxzhishu-platform\yxzhishu-platform-app)
2024-03-12 09:17:06 -No active profile set, falling back to 1 default profile: "default"
2024-03-12 09:17:07 -No MyBatis mapper was found in '[com.yxzhishu.platform.app.start]' package. Please check your configuration.
2024-03-12 09:17:07 -Tomcat initialized with port(s): 8092 (http)
2024-03-12 09:17:07 -Initializing ProtocolHandler ["http-nio-8092"]
2024-03-12 09:17:07 -Starting service [Tomcat]
2024-03-12 09:17:07 -Starting Servlet engine: [Apache Tomcat/9.0.75]
2024-03-12 09:17:07 -Initializing Spring embedded WebApplicationContext
2024-03-12 09:17:07 -Root WebApplicationContext: initialization completed in 1395 ms
2024-03-12 09:17:08 -Can not find table primary key in Class: "com.yxzhishu.platform.app.system.entity.po.SysAccountVsRole".
2024-03-12 09:17:08 -class com.yxzhishu.platform.app.system.entity.po.SysAccountVsRole ,Not found @TableId annotation, Cannot use Mybatis-Plus 'xxById' Method.
2024-03-12 09:17:09 -Can not find table primary key in Class: "com.yxzhishu.platform.app.system.entity.po.SysRoleVsMenu".
2024-03-12 09:17:09 -class com.yxzhishu.platform.app.system.entity.po.SysRoleVsMenu ,Not found @TableId annotation, Cannot use Mybatis-Plus 'xxById' Method.
2024-03-12 09:17:09 -api模块自动加载成功...
2024-03-12 09:17:09 -base模块自动加载成功...
2024-03-12 09:17:09 -dictionary模块自动加载成功...
2024-03-12 09:17:09 -system模块自动加载成功...
2024-03-12 09:17:09 -temporary模块自动加载成功...
2024-03-12 09:17:10 -Starting ProtocolHandler ["http-nio-8092"]
2024-03-12 09:17:10 -Tomcat started on port(s): 8092 (http) with context path '/api'
2024-03-12 09:17:10 -Started YxzhishuPlatformAppStartApplication in 4.245 seconds (JVM running for 5.136)
2024-03-12 09:17:10 -项目启动成功！
2024-03-12 09:17:58 -Initializing Spring DispatcherServlet 'dispatcherServlet'
2024-03-12 09:17:58 -Initializing Servlet 'dispatcherServlet'
2024-03-12 09:17:58 -Completed initialization in 1 ms
2024-03-12 09:17:58 -{dataSource-1} inited
2024-03-12 09:26:12 -{dataSource-1} closing ...
2024-03-12 09:26:12 -{dataSource-1} closed
2024-03-12 09:26:32 -HV000001: Hibernate Validator 6.2.5.Final
2024-03-12 09:26:32 -Starting YxzhishuPlatformAppStartApplication using Java 1.8.0_311 on LAPTOP-ERQNR93S with PID 8136 (E:\MySourceCode\yxzhishu-platform\yxzhishu-platform-app\yxzhishu-platform-app-start\target\classes started by lmj in E:\MySourceCode\yxzhishu-platform\yxzhishu-platform-app)
2024-03-12 09:26:32 -No active profile set, falling back to 1 default profile: "default"
2024-03-12 09:26:33 -No MyBatis mapper was found in '[com.yxzhishu.platform.app.start]' package. Please check your configuration.
2024-03-12 09:26:33 -Tomcat initialized with port(s): 8092 (http)
2024-03-12 09:26:33 -Initializing ProtocolHandler ["http-nio-8092"]
2024-03-12 09:26:33 -Starting service [Tomcat]
2024-03-12 09:26:33 -Starting Servlet engine: [Apache Tomcat/9.0.75]
2024-03-12 09:26:33 -Initializing Spring embedded WebApplicationContext
2024-03-12 09:26:33 -Root WebApplicationContext: initialization completed in 1182 ms
2024-03-12 09:26:34 -Can not find table primary key in Class: "com.yxzhishu.platform.app.system.entity.po.SysAccountVsRole".
2024-03-12 09:26:34 -class com.yxzhishu.platform.app.system.entity.po.SysAccountVsRole ,Not found @TableId annotation, Cannot use Mybatis-Plus 'xxById' Method.
2024-03-12 09:26:34 -Can not find table primary key in Class: "com.yxzhishu.platform.app.system.entity.po.SysRoleVsMenu".
2024-03-12 09:26:34 -class com.yxzhishu.platform.app.system.entity.po.SysRoleVsMenu ,Not found @TableId annotation, Cannot use Mybatis-Plus 'xxById' Method.
2024-03-12 09:26:35 -api模块自动加载成功...
2024-03-12 09:26:35 -base模块自动加载成功...
2024-03-12 09:26:35 -dictionary模块自动加载成功...
2024-03-12 09:26:35 -system模块自动加载成功...
2024-03-12 09:26:35 -temporary模块自动加载成功...
2024-03-12 09:26:35 -Starting ProtocolHandler ["http-nio-8092"]
2024-03-12 09:26:35 -Tomcat started on port(s): 8092 (http) with context path '/api'
2024-03-12 09:26:35 -Started YxzhishuPlatformAppStartApplication in 3.183 seconds (JVM running for 4.042)
2024-03-12 09:26:35 -项目启动成功！
2024-03-12 09:26:43 -Initializing Spring DispatcherServlet 'dispatcherServlet'
2024-03-12 09:26:43 -Initializing Servlet 'dispatcherServlet'
2024-03-12 09:26:43 -Completed initialization in 2 ms
2024-03-12 09:26:43 -{dataSource-1} inited
2024-03-12 09:28:25 -{dataSource-1} closing ...
2024-03-12 09:28:25 -{dataSource-1} closed
